# JRE version: OpenJDK Runtime Environment (8.0_202-b03) (build 1.8.0_202-release-1483-b03)
# Java VM: OpenJDK 64-Bit Server VM (25.202-b03 mixed mode windows-amd64 compressed oops)
Heap:
 PSYoungGen      total 108544K, used 88964K [0x00000000e0000000, 0x00000000e7800000, 0x0000000100000000)
  eden space 96256K, 92% used [0x00000000e0000000,0x00000000e56e1048,0x00000000e5e00000)
  from space 12288K, 0% used [0x00000000e6a00000,0x00000000e6a00000,0x00000000e7600000)
  to   space 12288K, 0% used [0x00000000e5e00000,0x00000000e5e00000,0x00000000e6a00000)
 ParOldGen       total 191488K, used 16710K [0x00000000a0000000, 0x00000000abb00000, 0x00000000e0000000)
  object space 191488K, 8% used [0x00000000a0000000,0x00000000a1051b20,0x00000000abb00000)
 Metaspace       used 44341K, capacity 45186K, committed 45656K, reserved 1089536K
  class space    used 5960K, capacity 6201K, committed 6272K, reserved 1048576K
GC Heap History (10 events):
Event: 3.336 GC heap before
{Heap before GC invocations=4 (full 1):
 PSYoungGen      total 76288K, used 10749K [0x00000000e0000000, 0x00000000e5500000, 0x0000000100000000)
  eden space 65536K, 0% used [0x00000000e0000000,0x00000000e0000000,0x00000000e4000000)
  from space 10752K, 99% used [0x00000000e4000000,0x00000000e4a7f618,0x00000000e4a80000)
  to   space 10752K, 0% used [0x00000000e4a80000,0x00000000e4a80000,0x00000000e5500000)
 ParOldGen       total 175104K, used 777K [0x00000000a0000000, 0x00000000aab00000, 0x00000000e0000000)
  object space 175104K, 0% used [0x00000000a0000000,0x00000000a00c26f8,0x00000000aab00000)
 Metaspace       used 20763K, capacity 21104K, committed 21248K, reserved 1067008K
  class space    used 2916K, capacity 3062K, committed 3072K, reserved 1048576K
Event: 3.368 GC heap after
Heap after GC invocations=4 (full 1):
 PSYoungGen      total 76288K, used 0K [0x00000000e0000000, 0x00000000e5500000, 0x0000000100000000)
  eden space 65536K, 0% used [0x00000000e0000000,0x00000000e0000000,0x00000000e4000000)
  from space 10752K, 0% used [0x00000000e4000000,0x00000000e4000000,0x00000000e4a80000)
  to   space 10752K, 0% used [0x00000000e4a80000,0x00000000e4a80000,0x00000000e5500000)
 ParOldGen       total 113152K, used 11108K [0x00000000a0000000, 0x00000000a6e80000, 0x00000000e0000000)
  object space 113152K, 9% used [0x00000000a0000000,0x00000000a0ad93d8,0x00000000a6e80000)
 Metaspace       used 20763K, capacity 21104K, committed 21248K, reserved 1067008K
  class space    used 2916K, capacity 3062K, committed 3072K, reserved 1048576K
}
Event: 4.191 GC heap before
{Heap before GC invocations=5 (full 1):
 PSYoungGen      total 76288K, used 65536K [0x00000000e0000000, 0x00000000e5500000, 0x0000000100000000)
  eden space 65536K, 100% used [0x00000000e0000000,0x00000000e4000000,0x00000000e4000000)
  from space 10752K, 0% used [0x00000000e4000000,0x00000000e4000000,0x00000000e4a80000)
  to   space 10752K, 0% used [0x00000000e4a80000,0x00000000e4a80000,0x00000000e5500000)
 ParOldGen       total 113152K, used 11108K [0x00000000a0000000, 0x00000000a6e80000, 0x00000000e0000000)
  object space 113152K, 9% used [0x00000000a0000000,0x00000000a0ad93d8,0x00000000a6e80000)
 Metaspace       used 28516K, capacity 28976K, committed 29440K, reserved 1075200K
  class space    used 3850K, capacity 4011K, committed 4096K, reserved 1048576K
Event: 4.198 GC heap after
Heap after GC invocations=5 (full 1):
 PSYoungGen      total 76288K, used 7670K [0x00000000e0000000, 0x00000000e7300000, 0x0000000100000000)
  eden space 65536K, 0% used [0x00000000e0000000,0x00000000e0000000,0x00000000e4000000)
  from space 10752K, 71% used [0x00000000e4a80000,0x00000000e51fd9a8,0x00000000e5500000)
  to   space 10752K, 0% used [0x00000000e4000000,0x00000000e4000000,0x00000000e4a80000)
 ParOldGen       total 113152K, used 11116K [0x00000000a0000000, 0x00000000a6e80000, 0x00000000e0000000)
  object space 113152K, 9% used [0x00000000a0000000,0x00000000a0adb3d8,0x00000000a6e80000)
 Metaspace       used 28516K, capacity 28976K, committed 29440K, reserved 1075200K
  class space    used 3850K, capacity 4011K, committed 4096K, reserved 1048576K
}
Event: 4.790 GC heap before
{Heap before GC invocations=6 (full 1):
 PSYoungGen      total 76288K, used 73206K [0x00000000e0000000, 0x00000000e7300000, 0x0000000100000000)
  eden space 65536K, 100% used [0x00000000e0000000,0x00000000e4000000,0x00000000e4000000)
  from space 10752K, 71% used [0x00000000e4a80000,0x00000000e51fd9a8,0x00000000e5500000)
  to   space 10752K, 0% used [0x00000000e4000000,0x00000000e4000000,0x00000000e4a80000)
 ParOldGen       total 113152K, used 11116K [0x00000000a0000000, 0x00000000a6e80000, 0x00000000e0000000)
  object space 113152K, 9% used [0x00000000a0000000,0x00000000a0adb3d8,0x00000000a6e80000)
 Metaspace       used 32002K, capacity 32488K, committed 32768K, reserved 1077248K
  class space    used 4397K, capacity 4563K, committed 4608K, reserved 1048576K
Event: 4.795 GC heap after
Heap after GC invocations=6 (full 1):
 PSYoungGen      total 76288K, used 8748K [0x00000000e0000000, 0x00000000e7600000, 0x0000000100000000)
  eden space 65536K, 0% used [0x00000000e0000000,0x00000000e0000000,0x00000000e4000000)
  from space 10752K, 81% used [0x00000000e4000000,0x00000000e488b3c0,0x00000000e4a80000)
  to   space 12288K, 0% used [0x00000000e6a00000,0x00000000e6a00000,0x00000000e7600000)
 ParOldGen       total 113152K, used 11124K [0x00000000a0000000, 0x00000000a6e80000, 0x00000000e0000000)
  object space 113152K, 9% used [0x00000000a0000000,0x00000000a0add3d8,0x00000000a6e80000)
 Metaspace       used 32002K, capacity 32488K, committed 32768K, reserved 1077248K
  class space    used 4397K, capacity 4563K, committed 4608K, reserved 1048576K
}
Event: 5.600 GC heap before
{Heap before GC invocations=7 (full 1):
 PSYoungGen      total 76288K, used 61232K [0x00000000e0000000, 0x00000000e7600000, 0x0000000100000000)
  eden space 65536K, 80% used [0x00000000e0000000,0x00000000e3340fa8,0x00000000e4000000)
  from space 10752K, 81% used [0x00000000e4000000,0x00000000e488b3c0,0x00000000e4a80000)
  to   space 12288K, 0% used [0x00000000e6a00000,0x00000000e6a00000,0x00000000e7600000)
 ParOldGen       total 113152K, used 11124K [0x00000000a0000000, 0x00000000a6e80000, 0x00000000e0000000)
  object space 113152K, 9% used [0x00000000a0000000,0x00000000a0add3d8,0x00000000a6e80000)
 Metaspace       used 34635K, capacity 35354K, committed 35416K, reserved 1079296K
  class space    used 4765K, capacity 4980K, committed 4992K, reserved 1048576K
Event: 5.610 GC heap after
Heap after GC invocations=7 (full 1):
 PSYoungGen      total 108544K, used 10167K [0x00000000e0000000, 0x00000000e7800000, 0x0000000100000000)
  eden space 96256K, 0% used [0x00000000e0000000,0x00000000e0000000,0x00000000e5e00000)
  from space 12288K, 82% used [0x00000000e6a00000,0x00000000e73edde8,0x00000000e7600000)
  to   space 12288K, 0% used [0x00000000e5e00000,0x00000000e5e00000,0x00000000e6a00000)
 ParOldGen       total 113152K, used 11132K [0x00000000a0000000, 0x00000000a6e80000, 0x00000000e0000000)
  object space 113152K, 9% used [0x00000000a0000000,0x00000000a0adf3d8,0x00000000a6e80000)
 Metaspace       used 34635K, capacity 35354K, committed 35416K, reserved 1079296K
  class space    used 4765K, capacity 4980K, committed 4992K, reserved 1048576K
}
Event: 5.610 GC heap before
{Heap before GC invocations=8 (full 2):
 PSYoungGen      total 108544K, used 10167K [0x00000000e0000000, 0x00000000e7800000, 0x0000000100000000)
  eden space 96256K, 0% used [0x00000000e0000000,0x00000000e0000000,0x00000000e5e00000)
  from space 12288K, 82% used [0x00000000e6a00000,0x00000000e73edde8,0x00000000e7600000)
  to   space 12288K, 0% used [0x00000000e5e00000,0x00000000e5e00000,0x00000000e6a00000)
 ParOldGen       total 113152K, used 11132K [0x00000000a0000000, 0x00000000a6e80000, 0x00000000e0000000)
  object space 113152K, 9% used [0x00000000a0000000,0x00000000a0adf3d8,0x00000000a6e80000)
 Metaspace       used 34635K, capacity 35354K, committed 35416K, reserved 1079296K
  class space    used 4765K, capacity 4980K, committed 4992K, reserved 1048576K
Event: 5.700 GC heap after
Heap after GC invocations=8 (full 2):
 PSYoungGen      total 108544K, used 0K [0x00000000e0000000, 0x00000000e7800000, 0x0000000100000000)
  eden space 96256K, 0% used [0x00000000e0000000,0x00000000e0000000,0x00000000e5e00000)
  from space 12288K, 0% used [0x00000000e6a00000,0x00000000e6a00000,0x00000000e7600000)
  to   space 12288K, 0% used [0x00000000e5e00000,0x00000000e5e00000,0x00000000e6a00000)
 ParOldGen       total 191488K, used 16710K [0x00000000a0000000, 0x00000000abb00000, 0x00000000e0000000)
  object space 191488K, 8% used [0x00000000a0000000,0x00000000a1051b20,0x00000000abb00000)
 Metaspace       used 34609K, capacity 35264K, committed 35416K, reserved 1079296K
  class space    used 4757K, capacity 4965K, committed 4992K, reserved 1048576K
}

