# JRE version: OpenJDK Runtime Environment (8.0_202-b03) (build 1.8.0_202-release-1483-b03)
# Java VM: OpenJDK 64-Bit Server VM (25.202-b03 mixed mode windows-amd64 compressed oops)
Heap:
 PSYoungGen      total 145920K, used 106767K [0x00000000e0000000, 0x00000000ec700000, 0x0000000100000000)
  eden space 128000K, 69% used [0x00000000e0000000,0x00000000e56c7148,0x00000000e7d00000)
  from space 17920K, 99% used [0x00000000e7d00000,0x00000000e8e7cdf0,0x00000000e8e80000)
  to   space 25600K, 0% used [0x00000000eae00000,0x00000000eae00000,0x00000000ec700000)
 ParOldGen       total 305152K, used 44130K [0x00000000a0000000, 0x00000000b2a00000, 0x00000000e0000000)
  object space 305152K, 14% used [0x00000000a0000000,0x00000000a2b18a80,0x00000000b2a00000)
 Metaspace       used 76120K, capacity 79724K, committed 79896K, reserved 1118208K
  class space    used 10298K, capacity 11007K, committed 11048K, reserved 1048576K
GC Heap History (10 events):
Event: 23.077 GC heap before
{Heap before GC invocations=12 (full 2):
 PSYoungGen      total 105984K, used 30088K [0x00000000e0000000, 0x00000000e8900000, 0x0000000100000000)
  eden space 91648K, 17% used [0x00000000e0000000,0x00000000e0f651d8,0x00000000e5980000)
  from space 14336K, 99% used [0x00000000e5980000,0x00000000e677d088,0x00000000e6780000)
  to   space 17920K, 0% used [0x00000000e7780000,0x00000000e7780000,0x00000000e8900000)
 ParOldGen       total 225280K, used 22114K [0x00000000a0000000, 0x00000000adc00000, 0x00000000e0000000)
  object space 225280K, 9% used [0x00000000a0000000,0x00000000a1598b90,0x00000000adc00000)
 Metaspace       used 57563K, capacity 59102K, committed 59160K, reserved 1099776K
  class space    used 7820K, capacity 8228K, committed 8232K, reserved 1048576K
Event: 23.092 GC heap after
Heap after GC invocations=12 (full 2):
 PSYoungGen      total 121856K, used 14654K [0x00000000e0000000, 0x00000000e9a00000, 0x0000000100000000)
  eden space 103936K, 0% used [0x00000000e0000000,0x00000000e0000000,0x00000000e6580000)
  from space 17920K, 81% used [0x00000000e7780000,0x00000000e85cfa08,0x00000000e8900000)
  to   space 18432K, 0% used [0x00000000e6580000,0x00000000e6580000,0x00000000e7780000)
 ParOldGen       total 225280K, used 22122K [0x00000000a0000000, 0x00000000adc00000, 0x00000000e0000000)
  object space 225280K, 9% used [0x00000000a0000000,0x00000000a159ab90,0x00000000adc00000)
 Metaspace       used 57563K, capacity 59102K, committed 59160K, reserved 1099776K
  class space    used 7820K, capacity 8228K, committed 8232K, reserved 1048576K
}
Event: 23.092 GC heap before
{Heap before GC invocations=13 (full 3):
 PSYoungGen      total 121856K, used 14654K [0x00000000e0000000, 0x00000000e9a00000, 0x0000000100000000)
  eden space 103936K, 0% used [0x00000000e0000000,0x00000000e0000000,0x00000000e6580000)
  from space 17920K, 81% used [0x00000000e7780000,0x00000000e85cfa08,0x00000000e8900000)
  to   space 18432K, 0% used [0x00000000e6580000,0x00000000e6580000,0x00000000e7780000)
 ParOldGen       total 225280K, used 22122K [0x00000000a0000000, 0x00000000adc00000, 0x00000000e0000000)
  object space 225280K, 9% used [0x00000000a0000000,0x00000000a159ab90,0x00000000adc00000)
 Metaspace       used 57563K, capacity 59102K, committed 59160K, reserved 1099776K
  class space    used 7820K, capacity 8228K, committed 8232K, reserved 1048576K
Event: 23.329 GC heap after
Heap after GC invocations=13 (full 3):
 PSYoungGen      total 121856K, used 0K [0x00000000e0000000, 0x00000000e9a00000, 0x0000000100000000)
  eden space 103936K, 0% used [0x00000000e0000000,0x00000000e0000000,0x00000000e6580000)
  from space 17920K, 0% used [0x00000000e7780000,0x00000000e7780000,0x00000000e8900000)
  to   space 18432K, 0% used [0x00000000e6580000,0x00000000e6580000,0x00000000e7780000)
 ParOldGen       total 305152K, used 28271K [0x00000000a0000000, 0x00000000b2a00000, 0x00000000e0000000)
  object space 305152K, 9% used [0x00000000a0000000,0x00000000a1b9be30,0x00000000b2a00000)
 Metaspace       used 57563K, capacity 59102K, committed 59160K, reserved 1099776K
  class space    used 7820K, capacity 8228K, committed 8232K, reserved 1048576K
}
Event: 26.661 GC heap before
{Heap before GC invocations=14 (full 3):
 PSYoungGen      total 121856K, used 103913K [0x00000000e0000000, 0x00000000e9a00000, 0x0000000100000000)
  eden space 103936K, 99% used [0x00000000e0000000,0x00000000e657a7d8,0x00000000e6580000)
  from space 17920K, 0% used [0x00000000e7780000,0x00000000e7780000,0x00000000e8900000)
  to   space 18432K, 0% used [0x00000000e6580000,0x00000000e6580000,0x00000000e7780000)
 ParOldGen       total 305152K, used 28271K [0x00000000a0000000, 0x00000000b2a00000, 0x00000000e0000000)
  object space 305152K, 9% used [0x00000000a0000000,0x00000000a1b9be30,0x00000000b2a00000)
 Metaspace       used 60380K, capacity 62544K, committed 62744K, reserved 1103872K
  class space    used 8235K, capacity 8731K, committed 8744K, reserved 1048576K
Event: 26.669 GC heap after
Heap after GC invocations=14 (full 3):
 PSYoungGen      total 122368K, used 9103K [0x00000000e0000000, 0x00000000ea200000, 0x0000000100000000)
  eden space 103936K, 0% used [0x00000000e0000000,0x00000000e0000000,0x00000000e6580000)
  from space 18432K, 49% used [0x00000000e6580000,0x00000000e6e63d58,0x00000000e7780000)
  to   space 17920K, 0% used [0x00000000e9080000,0x00000000e9080000,0x00000000ea200000)
 ParOldGen       total 305152K, used 28279K [0x00000000a0000000, 0x00000000b2a00000, 0x00000000e0000000)
  object space 305152K, 9% used [0x00000000a0000000,0x00000000a1b9de30,0x00000000b2a00000)
 Metaspace       used 60380K, capacity 62544K, committed 62744K, reserved 1103872K
  class space    used 8235K, capacity 8731K, committed 8744K, reserved 1048576K
}
Event: 32.246 GC heap before
{Heap before GC invocations=15 (full 3):
 PSYoungGen      total 122368K, used 113039K [0x00000000e0000000, 0x00000000ea200000, 0x0000000100000000)
  eden space 103936K, 100% used [0x00000000e0000000,0x00000000e6580000,0x00000000e6580000)
  from space 18432K, 49% used [0x00000000e6580000,0x00000000e6e63d58,0x00000000e7780000)
  to   space 17920K, 0% used [0x00000000e9080000,0x00000000e9080000,0x00000000ea200000)
 ParOldGen       total 305152K, used 28279K [0x00000000a0000000, 0x00000000b2a00000, 0x00000000e0000000)
  object space 305152K, 9% used [0x00000000a0000000,0x00000000a1b9de30,0x00000000b2a00000)
 Metaspace       used 62498K, capacity 64762K, committed 64792K, reserved 1105920K
  class space    used 8466K, capacity 8982K, committed 9000K, reserved 1048576K
Event: 32.277 GC heap after
Heap after GC invocations=15 (full 3):
 PSYoungGen      total 143872K, used 12182K [0x00000000e0000000, 0x00000000ea000000, 0x0000000100000000)
  eden space 128000K, 0% used [0x00000000e0000000,0x00000000e0000000,0x00000000e7d00000)
  from space 15872K, 76% used [0x00000000e9080000,0x00000000e9c65af0,0x00000000ea000000)
  to   space 17920K, 0% used [0x00000000e7d00000,0x00000000e7d00000,0x00000000e8e80000)
 ParOldGen       total 305152K, used 28287K [0x00000000a0000000, 0x00000000b2a00000, 0x00000000e0000000)
  object space 305152K, 9% used [0x00000000a0000000,0x00000000a1b9fe30,0x00000000b2a00000)
 Metaspace       used 62498K, capacity 64762K, committed 64792K, reserved 1105920K
  class space    used 8466K, capacity 8982K, committed 9000K, reserved 1048576K
}
Event: 53.254 GC heap before
{Heap before GC invocations=16 (full 3):
 PSYoungGen      total 143872K, used 140182K [0x00000000e0000000, 0x00000000ea000000, 0x0000000100000000)
  eden space 128000K, 100% used [0x00000000e0000000,0x00000000e7d00000,0x00000000e7d00000)
  from space 15872K, 76% used [0x00000000e9080000,0x00000000e9c65af0,0x00000000ea000000)
  to   space 17920K, 0% used [0x00000000e7d00000,0x00000000e7d00000,0x00000000e8e80000)
 ParOldGen       total 305152K, used 28287K [0x00000000a0000000, 0x00000000b2a00000, 0x00000000e0000000)
  object space 305152K, 9% used [0x00000000a0000000,0x00000000a1b9fe30,0x00000000b2a00000)
 Metaspace       used 68785K, capacity 71094K, committed 71192K, reserved 1110016K
  class space    used 9170K, capacity 9702K, committed 9768K, reserved 1048576K
Event: 53.273 GC heap after
Heap after GC invocations=16 (full 3):
 PSYoungGen      total 145920K, used 17907K [0x00000000e0000000, 0x00000000ec700000, 0x0000000100000000)
  eden space 128000K, 0% used [0x00000000e0000000,0x00000000e0000000,0x00000000e7d00000)
  from space 17920K, 99% used [0x00000000e7d00000,0x00000000e8e7cdf0,0x00000000e8e80000)
  to   space 25600K, 0% used [0x00000000eae00000,0x00000000eae00000,0x00000000ec700000)
 ParOldGen       total 305152K, used 44130K [0x00000000a0000000, 0x00000000b2a00000, 0x00000000e0000000)
  object space 305152K, 14% used [0x00000000a0000000,0x00000000a2b18a80,0x00000000b2a00000)
 Metaspace       used 68785K, capacity 71094K, committed 71192K, reserved 1110016K
  class space    used 9170K, capacity 9702K, committed 9768K, reserved 1048576K
}

