# JRE version: OpenJDK Runtime Environment (8.0_202-b03) (build 1.8.0_202-release-1483-b03)
# Java VM: OpenJDK 64-Bit Server VM (25.202-b03 mixed mode windows-amd64 compressed oops)
Heap:
 PSYoungGen      total 110080K, used 3740K [0x00000000e0000000, 0x00000000e9a80000, 0x0000000100000000)
  eden space 97792K, 3% used [0x00000000e0000000,0x00000000e03a7388,0x00000000e5f80000)
  from space 12288K, 0% used [0x00000000e5f80000,0x00000000e5f80000,0x00000000e6b80000)
  to   space 19456K, 0% used [0x00000000e8780000,0x00000000e8780000,0x00000000e9a80000)
 ParOldGen       total 184320K, used 31560K [0x00000000a0000000, 0x00000000ab400000, 0x00000000e0000000)
  object space 184320K, 17% used [0x00000000a0000000,0x00000000a1ed2280,0x00000000ab400000)
 Metaspace       used 57569K, capacity 59234K, committed 59544K, reserved 1099776K
  class space    used 7815K, capacity 8258K, committed 8360K, reserved 1048576K
GC Heap History (10 events):
Event: 6.419 GC heap before
{Heap before GC invocations=8 (full 2):
 PSYoungGen      total 110592K, used 9656K [0x00000000e0000000, 0x00000000e7980000, 0x0000000100000000)
  eden space 97792K, 0% used [0x00000000e0000000,0x00000000e0000000,0x00000000e5f80000)
  from space 12800K, 75% used [0x00000000e6b80000,0x00000000e74ee3c8,0x00000000e7800000)
  to   space 12288K, 0% used [0x00000000e5f80000,0x00000000e5f80000,0x00000000e6b80000)
 ParOldGen       total 113152K, used 11749K [0x00000000a0000000, 0x00000000a6e80000, 0x00000000e0000000)
  object space 113152K, 10% used [0x00000000a0000000,0x00000000a0b795f8,0x00000000a6e80000)
 Metaspace       used 34739K, capacity 35440K, committed 35496K, reserved 1079296K
  class space    used 4782K, capacity 5017K, committed 5032K, reserved 1048576K
Event: 6.491 GC heap after
Heap after GC invocations=8 (full 2):
 PSYoungGen      total 110592K, used 0K [0x00000000e0000000, 0x00000000e7980000, 0x0000000100000000)
  eden space 97792K, 0% used [0x00000000e0000000,0x00000000e0000000,0x00000000e5f80000)
  from space 12800K, 0% used [0x00000000e6b80000,0x00000000e6b80000,0x00000000e7800000)
  to   space 12288K, 0% used [0x00000000e5f80000,0x00000000e5f80000,0x00000000e6b80000)
 ParOldGen       total 184320K, used 16493K [0x00000000a0000000, 0x00000000ab400000, 0x00000000e0000000)
  object space 184320K, 8% used [0x00000000a0000000,0x00000000a101b750,0x00000000ab400000)
 Metaspace       used 34725K, capacity 35392K, committed 35496K, reserved 1079296K
  class space    used 4778K, capacity 5009K, committed 5032K, reserved 1048576K
}
Event: 7.773 GC heap before
{Heap before GC invocations=9 (full 2):
 PSYoungGen      total 110592K, used 97792K [0x00000000e0000000, 0x00000000e7980000, 0x0000000100000000)
  eden space 97792K, 100% used [0x00000000e0000000,0x00000000e5f80000,0x00000000e5f80000)
  from space 12800K, 0% used [0x00000000e6b80000,0x00000000e6b80000,0x00000000e7800000)
  to   space 12288K, 0% used [0x00000000e5f80000,0x00000000e5f80000,0x00000000e6b80000)
 ParOldGen       total 184320K, used 16493K [0x00000000a0000000, 0x00000000ab400000, 0x00000000e0000000)
  object space 184320K, 8% used [0x00000000a0000000,0x00000000a101b750,0x00000000ab400000)
 Metaspace       used 44888K, capacity 45796K, committed 46120K, reserved 1089536K
  class space    used 6032K, capacity 6322K, committed 6440K, reserved 1048576K
Event: 7.784 GC heap after
Heap after GC invocations=9 (full 2):
 PSYoungGen      total 110080K, used 12278K [0x00000000e0000000, 0x00000000e7980000, 0x0000000100000000)
  eden space 97792K, 0% used [0x00000000e0000000,0x00000000e0000000,0x00000000e5f80000)
  from space 12288K, 99% used [0x00000000e5f80000,0x00000000e6b7db70,0x00000000e6b80000)
  to   space 12800K, 0% used [0x00000000e6b80000,0x00000000e6b80000,0x00000000e7800000)
 ParOldGen       total 184320K, used 18940K [0x00000000a0000000, 0x00000000ab400000, 0x00000000e0000000)
  object space 184320K, 10% used [0x00000000a0000000,0x00000000a127f388,0x00000000ab400000)
 Metaspace       used 44888K, capacity 45796K, committed 46120K, reserved 1089536K
  class space    used 6032K, capacity 6322K, committed 6440K, reserved 1048576K
}
Event: 9.595 GC heap before
{Heap before GC invocations=10 (full 2):
 PSYoungGen      total 110080K, used 110070K [0x00000000e0000000, 0x00000000e7980000, 0x0000000100000000)
  eden space 97792K, 100% used [0x00000000e0000000,0x00000000e5f80000,0x00000000e5f80000)
  from space 12288K, 99% used [0x00000000e5f80000,0x00000000e6b7db70,0x00000000e6b80000)
  to   space 12800K, 0% used [0x00000000e6b80000,0x00000000e6b80000,0x00000000e7800000)
 ParOldGen       total 184320K, used 18940K [0x00000000a0000000, 0x00000000ab400000, 0x00000000e0000000)
  object space 184320K, 10% used [0x00000000a0000000,0x00000000a127f388,0x00000000ab400000)
 Metaspace       used 52401K, capacity 53844K, committed 54184K, reserved 1095680K
  class space    used 7093K, capacity 7475K, committed 7592K, reserved 1048576K
Event: 9.606 GC heap after
Heap after GC invocations=10 (full 2):
 PSYoungGen      total 110592K, used 12775K [0x00000000e0000000, 0x00000000e7980000, 0x0000000100000000)
  eden space 97792K, 0% used [0x00000000e0000000,0x00000000e0000000,0x00000000e5f80000)
  from space 12800K, 99% used [0x00000000e6b80000,0x00000000e77f9c38,0x00000000e7800000)
  to   space 12288K, 0% used [0x00000000e5f80000,0x00000000e5f80000,0x00000000e6b80000)
 ParOldGen       total 184320K, used 23525K [0x00000000a0000000, 0x00000000ab400000, 0x00000000e0000000)
  object space 184320K, 12% used [0x00000000a0000000,0x00000000a16f9560,0x00000000ab400000)
 Metaspace       used 52401K, capacity 53844K, committed 54184K, reserved 1095680K
  class space    used 7093K, capacity 7475K, committed 7592K, reserved 1048576K
}
Event: 10.585 GC heap before
{Heap before GC invocations=11 (full 2):
 PSYoungGen      total 110592K, used 77666K [0x00000000e0000000, 0x00000000e7980000, 0x0000000100000000)
  eden space 97792K, 66% used [0x00000000e0000000,0x00000000e3f5ef28,0x00000000e5f80000)
  from space 12800K, 99% used [0x00000000e6b80000,0x00000000e77f9c38,0x00000000e7800000)
  to   space 12288K, 0% used [0x00000000e5f80000,0x00000000e5f80000,0x00000000e6b80000)
 ParOldGen       total 184320K, used 23525K [0x00000000a0000000, 0x00000000ab400000, 0x00000000e0000000)
  object space 184320K, 12% used [0x00000000a0000000,0x00000000a16f9560,0x00000000ab400000)
 Metaspace       used 57509K, capacity 59144K, committed 59160K, reserved 1099776K
  class space    used 7800K, capacity 8217K, committed 8232K, reserved 1048576K
Event: 10.601 GC heap after
Heap after GC invocations=11 (full 2):
 PSYoungGen      total 110080K, used 12276K [0x00000000e0000000, 0x00000000e9a80000, 0x0000000100000000)
  eden space 97792K, 0% used [0x00000000e0000000,0x00000000e0000000,0x00000000e5f80000)
  from space 12288K, 99% used [0x00000000e5f80000,0x00000000e6b7d320,0x00000000e6b80000)
  to   space 19456K, 0% used [0x00000000e8780000,0x00000000e8780000,0x00000000e9a80000)
 ParOldGen       total 184320K, used 28859K [0x00000000a0000000, 0x00000000ab400000, 0x00000000e0000000)
  object space 184320K, 15% used [0x00000000a0000000,0x00000000a1c2ecd0,0x00000000ab400000)
 Metaspace       used 57509K, capacity 59144K, committed 59160K, reserved 1099776K
  class space    used 7800K, capacity 8217K, committed 8232K, reserved 1048576K
}
Event: 10.601 GC heap before
{Heap before GC invocations=12 (full 3):
 PSYoungGen      total 110080K, used 12276K [0x00000000e0000000, 0x00000000e9a80000, 0x0000000100000000)
  eden space 97792K, 0% used [0x00000000e0000000,0x00000000e0000000,0x00000000e5f80000)
  from space 12288K, 99% used [0x00000000e5f80000,0x00000000e6b7d320,0x00000000e6b80000)
  to   space 19456K, 0% used [0x00000000e8780000,0x00000000e8780000,0x00000000e9a80000)
 ParOldGen       total 184320K, used 28859K [0x00000000a0000000, 0x00000000ab400000, 0x00000000e0000000)
  object space 184320K, 15% used [0x00000000a0000000,0x00000000a1c2ecd0,0x00000000ab400000)
 Metaspace       used 57509K, capacity 59144K, committed 59160K, reserved 1099776K
  class space    used 7800K, capacity 8217K, committed 8232K, reserved 1048576K
Event: 10.827 GC heap after
Heap after GC invocations=12 (full 3):
 PSYoungGen      total 110080K, used 0K [0x00000000e0000000, 0x00000000e9a80000, 0x0000000100000000)
  eden space 97792K, 0% used [0x00000000e0000000,0x00000000e0000000,0x00000000e5f80000)
  from space 12288K, 0% used [0x00000000e5f80000,0x00000000e5f80000,0x00000000e6b80000)
  to   space 19456K, 0% used [0x00000000e8780000,0x00000000e8780000,0x00000000e9a80000)
 ParOldGen       total 184320K, used 31560K [0x00000000a0000000, 0x00000000ab400000, 0x00000000e0000000)
  object space 184320K, 17% used [0x00000000a0000000,0x00000000a1ed2280,0x00000000ab400000)
 Metaspace       used 57509K, capacity 59144K, committed 59160K, reserved 1099776K
  class space    used 7800K, capacity 8217K, committed 8232K, reserved 1048576K
}

