# JRE version: OpenJDK Runtime Environment (8.0_202-b03) (build 1.8.0_202-release-1483-b03)
# Java VM: OpenJDK 64-Bit Server VM (25.202-b03 mixed mode windows-amd64 compressed oops)
Heap:
 PSYoungGen      total 103424K, used 52724K [0x00000000e0000000, 0x00000000e8d00000, 0x0000000100000000)
  eden space 91136K, 44% used [0x00000000e0000000,0x00000000e277d310,0x00000000e5900000)
  from space 12288K, 99% used [0x00000000e5900000,0x00000000e64ffef8,0x00000000e6500000)
  to   space 13824K, 0% used [0x00000000e7f80000,0x00000000e7f80000,0x00000000e8d00000)
 ParOldGen       total 193024K, used 17227K [0x00000000a0000000, 0x00000000abc80000, 0x00000000e0000000)
  object space 193024K, 8% used [0x00000000a0000000,0x00000000a10d2e60,0x00000000abc80000)
 Metaspace       used 47237K, capacity 48410K, committed 48552K, reserved 1091584K
  class space    used 6359K, capacity 6732K, committed 6824K, reserved 1048576K
GC Heap History (10 events):
Event: 4.687 GC heap before
{Heap before GC invocations=5 (full 1):
 PSYoungGen      total 76288K, used 65536K [0x00000000e0000000, 0x00000000e5500000, 0x0000000100000000)
  eden space 65536K, 100% used [0x00000000e0000000,0x00000000e4000000,0x00000000e4000000)
  from space 10752K, 0% used [0x00000000e4000000,0x00000000e4000000,0x00000000e4a80000)
  to   space 10752K, 0% used [0x00000000e4a80000,0x00000000e4a80000,0x00000000e5500000)
 ParOldGen       total 116224K, used 11550K [0x00000000a0000000, 0x00000000a7180000, 0x00000000e0000000)
  object space 116224K, 9% used [0x00000000a0000000,0x00000000a0b47820,0x00000000a7180000)
 Metaspace       used 28944K, capacity 29474K, committed 29696K, reserved 1075200K
  class space    used 3906K, capacity 4096K, committed 4096K, reserved 1048576K
Event: 4.691 GC heap after
Heap after GC invocations=5 (full 1):
 PSYoungGen      total 76288K, used 7978K [0x00000000e0000000, 0x00000000e6e80000, 0x0000000100000000)
  eden space 65536K, 0% used [0x00000000e0000000,0x00000000e0000000,0x00000000e4000000)
  from space 10752K, 74% used [0x00000000e4a80000,0x00000000e524ab28,0x00000000e5500000)
  to   space 10752K, 0% used [0x00000000e4000000,0x00000000e4000000,0x00000000e4a80000)
 ParOldGen       total 116224K, used 11558K [0x00000000a0000000, 0x00000000a7180000, 0x00000000e0000000)
  object space 116224K, 9% used [0x00000000a0000000,0x00000000a0b49820,0x00000000a7180000)
 Metaspace       used 28944K, capacity 29474K, committed 29696K, reserved 1075200K
  class space    used 3906K, capacity 4096K, committed 4096K, reserved 1048576K
}
Event: 5.870 GC heap before
{Heap before GC invocations=6 (full 1):
 PSYoungGen      total 76288K, used 73514K [0x00000000e0000000, 0x00000000e6e80000, 0x0000000100000000)
  eden space 65536K, 100% used [0x00000000e0000000,0x00000000e4000000,0x00000000e4000000)
  from space 10752K, 74% used [0x00000000e4a80000,0x00000000e524ab28,0x00000000e5500000)
  to   space 10752K, 0% used [0x00000000e4000000,0x00000000e4000000,0x00000000e4a80000)
 ParOldGen       total 116224K, used 11558K [0x00000000a0000000, 0x00000000a7180000, 0x00000000e0000000)
  object space 116224K, 9% used [0x00000000a0000000,0x00000000a0b49820,0x00000000a7180000)
 Metaspace       used 32364K, capacity 32902K, committed 33152K, reserved 1077248K
  class space    used 4455K, capacity 4620K, committed 4736K, reserved 1048576K
Event: 5.877 GC heap after
Heap after GC invocations=6 (full 1):
 PSYoungGen      total 76288K, used 8630K [0x00000000e0000000, 0x00000000e7180000, 0x0000000100000000)
  eden space 65536K, 0% used [0x00000000e0000000,0x00000000e0000000,0x00000000e4000000)
  from space 10752K, 80% used [0x00000000e4000000,0x00000000e486d9e0,0x00000000e4a80000)
  to   space 12800K, 0% used [0x00000000e6500000,0x00000000e6500000,0x00000000e7180000)
 ParOldGen       total 116224K, used 11566K [0x00000000a0000000, 0x00000000a7180000, 0x00000000e0000000)
  object space 116224K, 9% used [0x00000000a0000000,0x00000000a0b4b820,0x00000000a7180000)
 Metaspace       used 32364K, capacity 32902K, committed 33152K, reserved 1077248K
  class space    used 4455K, capacity 4620K, committed 4736K, reserved 1048576K
}
Event: 6.682 GC heap before
{Heap before GC invocations=7 (full 1):
 PSYoungGen      total 76288K, used 59616K [0x00000000e0000000, 0x00000000e7180000, 0x0000000100000000)
  eden space 65536K, 77% used [0x00000000e0000000,0x00000000e31ca888,0x00000000e4000000)
  from space 10752K, 80% used [0x00000000e4000000,0x00000000e486d9e0,0x00000000e4a80000)
  to   space 12800K, 0% used [0x00000000e6500000,0x00000000e6500000,0x00000000e7180000)
 ParOldGen       total 116224K, used 11566K [0x00000000a0000000, 0x00000000a7180000, 0x00000000e0000000)
  object space 116224K, 9% used [0x00000000a0000000,0x00000000a0b4b820,0x00000000a7180000)
 Metaspace       used 34694K, capacity 35384K, committed 35496K, reserved 1079296K
  class space    used 4777K, capacity 5009K, committed 5032K, reserved 1048576K
Event: 6.690 GC heap after
Heap after GC invocations=7 (full 1):
 PSYoungGen      total 103936K, used 9691K [0x00000000e0000000, 0x00000000e7180000, 0x0000000100000000)
  eden space 91136K, 0% used [0x00000000e0000000,0x00000000e0000000,0x00000000e5900000)
  from space 12800K, 75% used [0x00000000e6500000,0x00000000e6e76c48,0x00000000e7180000)
  to   space 12288K, 0% used [0x00000000e5900000,0x00000000e5900000,0x00000000e6500000)
 ParOldGen       total 116224K, used 11574K [0x00000000a0000000, 0x00000000a7180000, 0x00000000e0000000)
  object space 116224K, 9% used [0x00000000a0000000,0x00000000a0b4d820,0x00000000a7180000)
 Metaspace       used 34694K, capacity 35384K, committed 35496K, reserved 1079296K
  class space    used 4777K, capacity 5009K, committed 5032K, reserved 1048576K
}
Event: 6.690 GC heap before
{Heap before GC invocations=8 (full 2):
 PSYoungGen      total 103936K, used 9691K [0x00000000e0000000, 0x00000000e7180000, 0x0000000100000000)
  eden space 91136K, 0% used [0x00000000e0000000,0x00000000e0000000,0x00000000e5900000)
  from space 12800K, 75% used [0x00000000e6500000,0x00000000e6e76c48,0x00000000e7180000)
  to   space 12288K, 0% used [0x00000000e5900000,0x00000000e5900000,0x00000000e6500000)
 ParOldGen       total 116224K, used 11574K [0x00000000a0000000, 0x00000000a7180000, 0x00000000e0000000)
  object space 116224K, 9% used [0x00000000a0000000,0x00000000a0b4d820,0x00000000a7180000)
 Metaspace       used 34694K, capacity 35384K, committed 35496K, reserved 1079296K
  class space    used 4777K, capacity 5009K, committed 5032K, reserved 1048576K
Event: 6.764 GC heap after
Heap after GC invocations=8 (full 2):
 PSYoungGen      total 103936K, used 0K [0x00000000e0000000, 0x00000000e7180000, 0x0000000100000000)
  eden space 91136K, 0% used [0x00000000e0000000,0x00000000e0000000,0x00000000e5900000)
  from space 12800K, 0% used [0x00000000e6500000,0x00000000e6500000,0x00000000e7180000)
  to   space 12288K, 0% used [0x00000000e5900000,0x00000000e5900000,0x00000000e6500000)
 ParOldGen       total 193024K, used 16526K [0x00000000a0000000, 0x00000000abc80000, 0x00000000e0000000)
  object space 193024K, 8% used [0x00000000a0000000,0x00000000a1023868,0x00000000abc80000)
 Metaspace       used 34694K, capacity 35384K, committed 35496K, reserved 1079296K
  class space    used 4777K, capacity 5009K, committed 5032K, reserved 1048576K
}
Event: 9.920 GC heap before
{Heap before GC invocations=9 (full 2):
 PSYoungGen      total 103936K, used 91136K [0x00000000e0000000, 0x00000000e7180000, 0x0000000100000000)
  eden space 91136K, 100% used [0x00000000e0000000,0x00000000e5900000,0x00000000e5900000)
  from space 12800K, 0% used [0x00000000e6500000,0x00000000e6500000,0x00000000e7180000)
  to   space 12288K, 0% used [0x00000000e5900000,0x00000000e5900000,0x00000000e6500000)
 ParOldGen       total 193024K, used 16526K [0x00000000a0000000, 0x00000000abc80000, 0x00000000e0000000)
  object space 193024K, 8% used [0x00000000a0000000,0x00000000a1023868,0x00000000abc80000)
 Metaspace       used 44480K, capacity 45418K, committed 45736K, reserved 1089536K
  class space    used 6001K, capacity 6287K, committed 6312K, reserved 1048576K
Event: 9.931 GC heap after
Heap after GC invocations=9 (full 2):
 PSYoungGen      total 103424K, used 12287K [0x00000000e0000000, 0x00000000e8d00000, 0x0000000100000000)
  eden space 91136K, 0% used [0x00000000e0000000,0x00000000e0000000,0x00000000e5900000)
  from space 12288K, 99% used [0x00000000e5900000,0x00000000e64ffef8,0x00000000e6500000)
  to   space 13824K, 0% used [0x00000000e7f80000,0x00000000e7f80000,0x00000000e8d00000)
 ParOldGen       total 193024K, used 17227K [0x00000000a0000000, 0x00000000abc80000, 0x00000000e0000000)
  object space 193024K, 8% used [0x00000000a0000000,0x00000000a10d2e60,0x00000000abc80000)
 Metaspace       used 44480K, capacity 45418K, committed 45736K, reserved 1089536K
  class space    used 6001K, capacity 6287K, committed 6312K, reserved 1048576K
}

