# JRE version: OpenJDK Runtime Environment (8.0_202-b03) (build 1.8.0_202-release-1483-b03)
# Java VM: OpenJDK 64-Bit Server VM (25.202-b03 mixed mode windows-amd64 compressed oops)
Heap:
 PSYoungGen      total 153088K, used 40945K [0x00000000e0000000, 0x00000000ebc00000, 0x0000000100000000)
  eden space 134656K, 16% used [0x00000000e0000000,0x00000000e16023e0,0x00000000e8380000)
  from space 18432K, 99% used [0x00000000e8380000,0x00000000e957a2b0,0x00000000e9580000)
  to   space 21504K, 0% used [0x00000000ea700000,0x00000000ea700000,0x00000000ebc00000)
 ParOldGen       total 190464K, used 34584K [0x00000000a0000000, 0x00000000aba00000, 0x00000000e0000000)
  object space 190464K, 18% used [0x00000000a0000000,0x00000000a21c60f0,0x00000000aba00000)
 Metaspace       used 69173K, capacity 72412K, committed 72536K, reserved 1112064K
  class space    used 9473K, capacity 10099K, committed 10112K, reserved 1048576K
GC Heap History (10 events):
Event: 7.976 GC heap before
{Heap before GC invocations=10 (full 2):
 PSYoungGen      total 107520K, used 107519K [0x00000000e0000000, 0x00000000e9180000, 0x0000000100000000)
  eden space 95232K, 100% used [0x00000000e0000000,0x00000000e5d00000,0x00000000e5d00000)
  from space 12288K, 99% used [0x00000000e5d00000,0x00000000e68fffa8,0x00000000e6900000)
  to   space 13824K, 0% used [0x00000000e8400000,0x00000000e8400000,0x00000000e9180000)
 ParOldGen       total 190464K, used 17169K [0x00000000a0000000, 0x00000000aba00000, 0x00000000e0000000)
  object space 190464K, 9% used [0x00000000a0000000,0x00000000a10c4550,0x00000000aba00000)
 Metaspace       used 52105K, capacity 53396K, committed 53464K, reserved 1095680K
  class space    used 7051K, capacity 7385K, committed 7424K, reserved 1048576K
Event: 7.990 GC heap after
Heap after GC invocations=10 (full 2):
 PSYoungGen      total 132608K, used 13801K [0x00000000e0000000, 0x00000000e9800000, 0x0000000100000000)
  eden space 118784K, 0% used [0x00000000e0000000,0x00000000e0000000,0x00000000e7400000)
  from space 13824K, 99% used [0x00000000e8400000,0x00000000e917a6e8,0x00000000e9180000)
  to   space 16384K, 0% used [0x00000000e7400000,0x00000000e7400000,0x00000000e8400000)
 ParOldGen       total 190464K, used 20211K [0x00000000a0000000, 0x00000000aba00000, 0x00000000e0000000)
  object space 190464K, 10% used [0x00000000a0000000,0x00000000a13bcf08,0x00000000aba00000)
 Metaspace       used 52105K, capacity 53396K, committed 53464K, reserved 1095680K
  class space    used 7051K, capacity 7385K, committed 7424K, reserved 1048576K
}
Event: 8.902 GC heap before
{Heap before GC invocations=11 (full 2):
 PSYoungGen      total 132608K, used 81974K [0x00000000e0000000, 0x00000000e9800000, 0x0000000100000000)
  eden space 118784K, 57% used [0x00000000e0000000,0x00000000e4293438,0x00000000e7400000)
  from space 13824K, 99% used [0x00000000e8400000,0x00000000e917a6e8,0x00000000e9180000)
  to   space 16384K, 0% used [0x00000000e7400000,0x00000000e7400000,0x00000000e8400000)
 ParOldGen       total 190464K, used 20211K [0x00000000a0000000, 0x00000000aba00000, 0x00000000e0000000)
  object space 190464K, 10% used [0x00000000a0000000,0x00000000a13bcf08,0x00000000aba00000)
 Metaspace       used 57490K, capacity 58978K, committed 59028K, reserved 1099776K
  class space    used 7799K, capacity 8166K, committed 8192K, reserved 1048576K
Event: 8.920 GC heap after
Heap after GC invocations=11 (full 2):
 PSYoungGen      total 135168K, used 16363K [0x00000000e0000000, 0x00000000eb080000, 0x0000000100000000)
  eden space 118784K, 0% used [0x00000000e0000000,0x00000000e0000000,0x00000000e7400000)
  from space 16384K, 99% used [0x00000000e7400000,0x00000000e83fad60,0x00000000e8400000)
  to   space 18944K, 0% used [0x00000000e9e00000,0x00000000e9e00000,0x00000000eb080000)
 ParOldGen       total 190464K, used 21554K [0x00000000a0000000, 0x00000000aba00000, 0x00000000e0000000)
  object space 190464K, 11% used [0x00000000a0000000,0x00000000a150cb88,0x00000000aba00000)
 Metaspace       used 57490K, capacity 58978K, committed 59028K, reserved 1099776K
  class space    used 7799K, capacity 8166K, committed 8192K, reserved 1048576K
}
Event: 8.920 GC heap before
{Heap before GC invocations=12 (full 3):
 PSYoungGen      total 135168K, used 16363K [0x00000000e0000000, 0x00000000eb080000, 0x0000000100000000)
  eden space 118784K, 0% used [0x00000000e0000000,0x00000000e0000000,0x00000000e7400000)
  from space 16384K, 99% used [0x00000000e7400000,0x00000000e83fad60,0x00000000e8400000)
  to   space 18944K, 0% used [0x00000000e9e00000,0x00000000e9e00000,0x00000000eb080000)
 ParOldGen       total 190464K, used 21554K [0x00000000a0000000, 0x00000000aba00000, 0x00000000e0000000)
  object space 190464K, 11% used [0x00000000a0000000,0x00000000a150cb88,0x00000000aba00000)
 Metaspace       used 57490K, capacity 58978K, committed 59028K, reserved 1099776K
  class space    used 7799K, capacity 8166K, committed 8192K, reserved 1048576K
Event: 9.140 GC heap after
Heap after GC invocations=12 (full 3):
 PSYoungGen      total 135168K, used 0K [0x00000000e0000000, 0x00000000eb080000, 0x0000000100000000)
  eden space 118784K, 0% used [0x00000000e0000000,0x00000000e0000000,0x00000000e7400000)
  from space 16384K, 0% used [0x00000000e7400000,0x00000000e7400000,0x00000000e8400000)
  to   space 18944K, 0% used [0x00000000e9e00000,0x00000000e9e00000,0x00000000eb080000)
 ParOldGen       total 190464K, used 31593K [0x00000000a0000000, 0x00000000aba00000, 0x00000000e0000000)
  object space 190464K, 16% used [0x00000000a0000000,0x00000000a1eda5b0,0x00000000aba00000)
 Metaspace       used 57490K, capacity 58978K, committed 59028K, reserved 1099776K
  class space    used 7799K, capacity 8166K, committed 8192K, reserved 1048576K
}
Event: 11.062 GC heap before
{Heap before GC invocations=13 (full 3):
 PSYoungGen      total 135168K, used 118784K [0x00000000e0000000, 0x00000000eb080000, 0x0000000100000000)
  eden space 118784K, 100% used [0x00000000e0000000,0x00000000e7400000,0x00000000e7400000)
  from space 16384K, 0% used [0x00000000e7400000,0x00000000e7400000,0x00000000e8400000)
  to   space 18944K, 0% used [0x00000000e9e00000,0x00000000e9e00000,0x00000000eb080000)
 ParOldGen       total 190464K, used 31593K [0x00000000a0000000, 0x00000000aba00000, 0x00000000e0000000)
  object space 190464K, 16% used [0x00000000a0000000,0x00000000a1eda5b0,0x00000000aba00000)
 Metaspace       used 60813K, capacity 62930K, committed 63320K, reserved 1103872K
  class space    used 8244K, capacity 8718K, committed 8832K, reserved 1048576K
Event: 11.069 GC heap after
Heap after GC invocations=13 (full 3):
 PSYoungGen      total 143872K, used 9382K [0x00000000e0000000, 0x00000000ea780000, 0x0000000100000000)
  eden space 134144K, 0% used [0x00000000e0000000,0x00000000e0000000,0x00000000e8300000)
  from space 9728K, 96% used [0x00000000e9e00000,0x00000000ea729ba0,0x00000000ea780000)
  to   space 18432K, 0% used [0x00000000e8380000,0x00000000e8380000,0x00000000e9580000)
 ParOldGen       total 190464K, used 31601K [0x00000000a0000000, 0x00000000aba00000, 0x00000000e0000000)
  object space 190464K, 16% used [0x00000000a0000000,0x00000000a1edc5b0,0x00000000aba00000)
 Metaspace       used 60813K, capacity 62930K, committed 63320K, reserved 1103872K
  class space    used 8244K, capacity 8718K, committed 8832K, reserved 1048576K
}
Event: 15.882 GC heap before
{Heap before GC invocations=14 (full 3):
 PSYoungGen      total 143872K, used 143526K [0x00000000e0000000, 0x00000000ea780000, 0x0000000100000000)
  eden space 134144K, 100% used [0x00000000e0000000,0x00000000e8300000,0x00000000e8300000)
  from space 9728K, 96% used [0x00000000e9e00000,0x00000000ea729ba0,0x00000000ea780000)
  to   space 18432K, 0% used [0x00000000e8380000,0x00000000e8380000,0x00000000e9580000)
 ParOldGen       total 190464K, used 31601K [0x00000000a0000000, 0x00000000aba00000, 0x00000000e0000000)
  object space 190464K, 16% used [0x00000000a0000000,0x00000000a1edc5b0,0x00000000aba00000)
 Metaspace       used 67601K, capacity 70364K, committed 70488K, reserved 1110016K
  class space    used 9233K, capacity 9805K, committed 9856K, reserved 1048576K
Event: 15.903 GC heap after
Heap after GC invocations=14 (full 3):
 PSYoungGen      total 153088K, used 18408K [0x00000000e0000000, 0x00000000ebc00000, 0x0000000100000000)
  eden space 134656K, 0% used [0x00000000e0000000,0x00000000e0000000,0x00000000e8380000)
  from space 18432K, 99% used [0x00000000e8380000,0x00000000e957a2b0,0x00000000e9580000)
  to   space 21504K, 0% used [0x00000000ea700000,0x00000000ea700000,0x00000000ebc00000)
 ParOldGen       total 190464K, used 34584K [0x00000000a0000000, 0x00000000aba00000, 0x00000000e0000000)
  object space 190464K, 18% used [0x00000000a0000000,0x00000000a21c60f0,0x00000000aba00000)
 Metaspace       used 67601K, capacity 70364K, committed 70488K, reserved 1110016K
  class space    used 9233K, capacity 9805K, committed 9856K, reserved 1048576K
}

